<?xml version="1.0" encoding="UTF-8"?>
<testng-results skipped="0" failed="0" total="1" passed="1">
  <reporter-output>
    <line>
      <![CDATA[Capturing the screenshots based on condition check true/false]]>
    </line>
    <line>
      <![CDATA[All pass screenshot as added]]>
    </line>
    <line>
      <![CDATA[HTML report is created ]]>
    </line>
  </reporter-output>
  <suite name="Default suite" duration-ms="4602" started-at="2021-12-22T12:44:49Z" finished-at="2021-12-22T12:44:53Z">
    <groups>
    </groups>
    <test name="Default test" duration-ms="4602" started-at="2021-12-22T12:44:49Z" finished-at="2021-12-22T12:44:53Z">
      <class name="com.TestRunner.Runner">
        <test-method status="PASS" signature="createhtmlreport()[pri:0, instance:com.TestRunner.Runner@5700d6b1]" name="createhtmlreport" is-config="true" duration-ms="216" started-at="2021-12-22T18:14:49Z" finished-at="2021-12-22T18:14:49Z">
          <reporter-output>
          </reporter-output>
        </test-method> <!-- createhtmlreport -->
        <test-method status="PASS" signature="testexecution()[pri:0, instance:com.TestRunner.Runner@5700d6b1]" name="testexecution" duration-ms="4144" started-at="2021-12-22T18:14:49Z" finished-at="2021-12-22T18:14:53Z">
          <reporter-output>
          </reporter-output>
        </test-method> <!-- testexecution -->
        <test-method status="PASS" signature="addingscreenshotsintoreport(org.testng.ITestResult)[pri:0, instance:com.TestRunner.Runner@5700d6b1]" name="addingscreenshotsintoreport" is-config="true" duration-ms="443" started-at="2021-12-22T18:14:53Z" finished-at="2021-12-22T18:14:53Z">
          <params>
            <param index="0">
              <value>
                <![CDATA[[TestResult name=testexecution status=SUCCESS method=Runner.testexecution()[pri:0, instance:com.TestRunner.Runner@5700d6b1] output={null}]]]>
              </value>
            </param>
          </params>
          <reporter-output>
            <line>
              <![CDATA[Capturing the screenshots based on condition check true/false]]>
            </line>
            <line>
              <![CDATA[All pass screenshot as added]]>
            </line>
            <line>
              <![CDATA[HTML report is created ]]>
            </line>
          </reporter-output>
        </test-method> <!-- addingscreenshotsintoreport -->
      </class> <!-- com.TestRunner.Runner -->
    </test> <!-- Default test -->
  </suite> <!-- Default suite -->
</testng-results>
